<?xml version="1.0" encoding="UTF-8"?>
<!-- Generated by org.testng.reporters.JUnitXMLReporter -->
<testsuite ignored="0" hostname="CS-KOL-1156" failures="1" tests="7" name="MavenTest" time="9.589" errors="0" timestamp="2021-01-17T13:56:43 IST">
  <testcase classname="qa.com.testcases.TestCase1" name="verifytitle" time="0.011">
    <skipped/>
  </testcase> <!-- verifytitle -->
  <testcase classname="qa.com.testcases.TestCase1" name="verifytitle" time="0.011">
    <skipped/>
  </testcase> <!-- verifytitle -->
  <testcase classname="qa.com.testcases.TestCase1" name="verifytitle" time="0.008">
    <skipped/>
  </testcase> <!-- verifytitle -->
  <testcase classname="qa.com.testcases.TestCase1" name="verifytitle" time="0.009">
    <skipped/>
  </testcase> <!-- verifytitle -->
  <testcase classname="qa.com.testcases.TestCase1" name="verifytitle" time="0.011">
    <skipped/>
  </testcase> <!-- verifytitle -->
  <testcase classname="qa.com.testcases.TestCase1" name="verifytitle" time="0.01">
    <failure type="java.lang.AssertionError" message="expected [Googl] but found [Google]">
      <![CDATA[java.lang.AssertionError: expected [Googl] but found [Google]
at qa.com.testcases.TestCase1.verifytitle(TestCase1.java:31)
at java.base/java.util.ArrayList.forEach(ArrayList.java:1511)
... Removed 33 stack frames]]>
    </failure>
  </testcase> <!-- verifytitle -->
  <testcase classname="qa.com.testcases.TestCase1" name="verifyGoogleSearch" time="0.081"/>
</testsuite> <!-- MavenTest -->
